<?xml version="1.0" encoding="UTF-8"?>
<!-- Generated by org.testng.reporters.JUnitReportReporter -->
<testsuite hostname="DESKTOP-MVHKLV0" failures="0" tests="2" name="com.genpact.stepdefinition.TestNG_ParallelExecution_Method" time="0.014" errors="0" timestamp="24 Nov 2023 18:07:27 GMT" skipped="0">
  <testcase classname="com.genpact.stepdefinition.TestNG_ParallelExecution_Method" name="Test_Method_2" time="0.007"/>
  <testcase classname="com.genpact.stepdefinition.TestNG_ParallelExecution_Method" name="Test_Method_1" time="0.007"/>
</testsuite> <!-- com.genpact.stepdefinition.TestNG_ParallelExecution_Method -->
