<?xml version="1.0" encoding="UTF-8"?>
<!-- Generated by org.testng.reporters.JUnitReportReporter -->
<testsuite hostname="DESKTOP-MVHKLV0" failures="0" tests="3" name="com.genpact.stepdefinition.TestNG_Include_Exclude" time="0.007" errors="0" timestamp="24 Nov 2023 18:41:42 GMT" skipped="1">
  <testcase classname="com.genpact.stepdefinition.TestNG_Include_Exclude" name="TestCase_AddDep" time="0.007"/>
  <testcase classname="com.genpact.stepdefinition.TestNG_Include_Exclude" name="TestCase_AddLocation" time="0.000"/>
  <testcase classname="com.genpact.stepdefinition.TestNG_Include_Exclude" name="TestCase_AddEmp">
    <skipped/>
  </testcase> <!-- TestCase_AddEmp -->
</testsuite> <!-- com.genpact.stepdefinition.TestNG_Include_Exclude -->
