<?xml version="1.0" encoding="UTF-8"?>
<!-- Generated by org.testng.reporters.JUnitReportReporter -->
<testsuite hostname="DESKTOP-MVHKLV0" failures="0" tests="2" name="com.genpact.stepdefinition.TestNG_Test_Listeners" time="15.950" errors="0" timestamp="23 Nov 2023 17:32:53 GMT" skipped="0">
  <testcase classname="com.genpact.stepdefinition.TestNG_Test_Listeners" name="Open_Browser" time="5.430"/>
  <testcase classname="com.genpact.stepdefinition.TestNG_Test_Listeners" name="Valid_Login" time="10.520"/>
</testsuite> <!-- com.genpact.stepdefinition.TestNG_Test_Listeners -->
