<?xml version="1.0" encoding="UTF-8"?>
<!-- Generated by org.testng.reporters.JUnitReportReporter -->
<testsuite hostname="DESKTOP-MVHKLV0" failures="0" tests="1" name="com.genpact.stepdefinition.TestNG_Groups" time="0.006" errors="0" timestamp="24 Nov 2023 18:24:18 GMT" skipped="0">
  <testcase classname="com.genpact.stepdefinition.TestNG_Groups" name="TestCase_Two" time="0.006"/>
</testsuite> <!-- com.genpact.stepdefinition.TestNG_Groups -->
