<?xml version="1.0" encoding="UTF-8"?>
<!-- Generated by org.testng.reporters.JUnitReportReporter -->
<testsuite hostname="DESKTOP-MVHKLV0" failures="0" tests="1" name="com.genpact.stepdefinition.DB_Testing" time="0.217" errors="0" timestamp="19 Oct 2023 03:54:01 GMT" skipped="0">
  <testcase classname="com.genpact.stepdefinition.DB_Testing" name="testdb" time="0.217"/>
</testsuite> <!-- com.genpact.stepdefinition.DB_Testing -->
