<?xml version="1.0" encoding="UTF-8"?>
<!-- Generated by org.testng.reporters.JUnitReportReporter -->
<testsuite hostname="DESKTOP-MVHKLV0" failures="0" tests="2" name="com.genpact.stepdefinition.TestNG_ParallelExecution_Classes_1" time="0.007" errors="0" timestamp="24 Nov 2023 17:40:43 GMT" skipped="0">
  <testcase classname="com.genpact.stepdefinition.TestNG_ParallelExecution_Classes_1" name="Test_two" time="0.001"/>
  <testcase classname="com.genpact.stepdefinition.TestNG_ParallelExecution_Classes_1" name="Test_one" time="0.006"/>
</testsuite> <!-- com.genpact.stepdefinition.TestNG_ParallelExecution_Classes_1 -->
